

/******************************************************************************************
* WriteStepFile diagnostics.
* Date:                           Sat Dec 04 21:33:30 2021 
* Produced by:                    The EXPRESS Data Manager Version 5.02.0100.07 : 28 Aug 2013
* Module:                         EDMstepFileFactory/EDMstandAlone
* Host:                           DESKTOP-7JO305E
* Database:                       C:\Users\User\AppData\Local\Temp\065ffc72-7c8a-42ee-9c26-68cfaaa275db\174e0c85-e2e0-4c69-852f-c61bf2d66177\ifc
* Database version:               5507
* Database creation date:         Sat Dec 04 21:33:28 2021
* Model:                          DataRepository.ifc
* Model creation date:            Sat Dec 04 21:33:28 2021
* Header model:                   DataRepository.ifc_HeaderModel
* Header model creation date:     Sat Dec 04 21:33:28 2021
* Step file:                      Images.ifc
* EDMuser:                        sdai-user
* EDMgroup:                       sdai-group
* License ID and type:            5605 : Permanent license. Expiry date: 
* EDMstepFileFactory options:     020000
******************************************************************************************/


------------------------------------------------------------------------------------------------
Operation terminated successfully.
------------------------------------------------------------------------------------------------

